[2016-11-02T20:16:52,425][WARN ][o.e.b.JNANatives         ] unable to install syscall filter: 
java.lang.UnsupportedOperationException: seccomp unavailable: CONFIG_SECCOMP not compiled into kernel, CONFIG_SECCOMP and CONFIG_SECCOMP_FILTER are needed
	at org.elasticsearch.bootstrap.Seccomp.linuxImpl(Seccomp.java:361) ~[elasticsearch-5.0.0.jar:5.0.0]
	at org.elasticsearch.bootstrap.Seccomp.init(Seccomp.java:630) ~[elasticsearch-5.0.0.jar:5.0.0]
	at org.elasticsearch.bootstrap.JNANatives.trySeccomp(JNANatives.java:215) [elasticsearch-5.0.0.jar:5.0.0]
	at org.elasticsearch.bootstrap.Natives.trySeccomp(Natives.java:99) [elasticsearch-5.0.0.jar:5.0.0]
	at org.elasticsearch.bootstrap.Bootstrap.initializeNatives(Bootstrap.java:101) [elasticsearch-5.0.0.jar:5.0.0]
	at org.elasticsearch.bootstrap.Bootstrap.setup(Bootstrap.java:155) [elasticsearch-5.0.0.jar:5.0.0]
	at org.elasticsearch.bootstrap.Bootstrap.init(Bootstrap.java:286) [elasticsearch-5.0.0.jar:5.0.0]
	at org.elasticsearch.bootstrap.Elasticsearch.init(Elasticsearch.java:112) [elasticsearch-5.0.0.jar:5.0.0]
	at org.elasticsearch.bootstrap.Elasticsearch.execute(Elasticsearch.java:103) [elasticsearch-5.0.0.jar:5.0.0]
	at org.elasticsearch.cli.SettingCommand.execute(SettingCommand.java:54) [elasticsearch-5.0.0.jar:5.0.0]
	at org.elasticsearch.cli.Command.mainWithoutErrorHandling(Command.java:96) [elasticsearch-5.0.0.jar:5.0.0]
	at org.elasticsearch.cli.Command.main(Command.java:62) [elasticsearch-5.0.0.jar:5.0.0]
	at org.elasticsearch.bootstrap.Elasticsearch.main(Elasticsearch.java:80) [elasticsearch-5.0.0.jar:5.0.0]
	at org.elasticsearch.bootstrap.Elasticsearch.main(Elasticsearch.java:73) [elasticsearch-5.0.0.jar:5.0.0]
[2016-11-02T20:16:53,015][INFO ][o.e.n.Node               ] [] initializing ...
[2016-11-02T20:16:53,072][ERROR][o.e.b.Bootstrap          ] Exception
java.lang.IllegalStateException: failed to obtain node locks, tried [[/mnt/c/Users/Ingþór/Desktop/Háskólinn í Reykjavík/Haustönn 2016/Vefforritun 2/Assignment10/PUNCHAPI/elasticsearch-5.0.0/data/IngthorElastics]] with lock id [0]; maybe these locations are not writable or multiple nodes were started without increasing [node.max_local_storage_nodes] (was [1])?
	at org.elasticsearch.env.NodeEnvironment.<init>(NodeEnvironment.java:259) ~[elasticsearch-5.0.0.jar:5.0.0]
	at org.elasticsearch.node.Node.<init>(Node.java:240) ~[elasticsearch-5.0.0.jar:5.0.0]
	at org.elasticsearch.node.Node.<init>(Node.java:220) ~[elasticsearch-5.0.0.jar:5.0.0]
	at org.elasticsearch.bootstrap.Bootstrap$5.<init>(Bootstrap.java:191) ~[elasticsearch-5.0.0.jar:5.0.0]
	at org.elasticsearch.bootstrap.Bootstrap.setup(Bootstrap.java:191) ~[elasticsearch-5.0.0.jar:5.0.0]
	at org.elasticsearch.bootstrap.Bootstrap.init(Bootstrap.java:286) [elasticsearch-5.0.0.jar:5.0.0]
	at org.elasticsearch.bootstrap.Elasticsearch.init(Elasticsearch.java:112) [elasticsearch-5.0.0.jar:5.0.0]
	at org.elasticsearch.bootstrap.Elasticsearch.execute(Elasticsearch.java:103) [elasticsearch-5.0.0.jar:5.0.0]
	at org.elasticsearch.cli.SettingCommand.execute(SettingCommand.java:54) [elasticsearch-5.0.0.jar:5.0.0]
	at org.elasticsearch.cli.Command.mainWithoutErrorHandling(Command.java:96) [elasticsearch-5.0.0.jar:5.0.0]
	at org.elasticsearch.cli.Command.main(Command.java:62) [elasticsearch-5.0.0.jar:5.0.0]
	at org.elasticsearch.bootstrap.Elasticsearch.main(Elasticsearch.java:80) [elasticsearch-5.0.0.jar:5.0.0]
	at org.elasticsearch.bootstrap.Elasticsearch.main(Elasticsearch.java:73) [elasticsearch-5.0.0.jar:5.0.0]
Caused by: java.io.IOException: failed to obtain lock on /mnt/c/Users/Ingþór/Desktop/Háskólinn í Reykjavík/Haustönn 2016/Vefforritun 2/Assignment10/PUNCHAPI/elasticsearch-5.0.0/data/nodes/0
	at org.elasticsearch.env.NodeEnvironment.<init>(NodeEnvironment.java:238) ~[elasticsearch-5.0.0.jar:5.0.0]
	... 12 more
Caused by: java.io.IOException: Mount point not found
	at sun.nio.fs.LinuxFileStore.findMountEntry(LinuxFileStore.java:91) ~[?:?]
	at sun.nio.fs.UnixFileStore.<init>(UnixFileStore.java:65) ~[?:?]
	at sun.nio.fs.LinuxFileStore.<init>(LinuxFileStore.java:44) ~[?:?]
	at sun.nio.fs.LinuxFileSystemProvider.getFileStore(LinuxFileSystemProvider.java:51) ~[?:?]
	at sun.nio.fs.LinuxFileSystemProvider.getFileStore(LinuxFileSystemProvider.java:39) ~[?:?]
	at sun.nio.fs.UnixFileSystemProvider.getFileStore(UnixFileSystemProvider.java:368) ~[?:?]
	at java.nio.file.Files.getFileStore(Files.java:1461) ~[?:1.8.0_111]
	at org.elasticsearch.env.ESFileStore.getMatchingFileStore(ESFileStore.java:107) ~[elasticsearch-5.0.0.jar:5.0.0]
	at org.elasticsearch.env.Environment.getFileStore(Environment.java:340) ~[elasticsearch-5.0.0.jar:5.0.0]
	at org.elasticsearch.env.NodeEnvironment$NodePath.<init>(NodeEnvironment.java:107) ~[elasticsearch-5.0.0.jar:5.0.0]
	at org.elasticsearch.env.NodeEnvironment.<init>(NodeEnvironment.java:226) ~[elasticsearch-5.0.0.jar:5.0.0]
	... 12 more
[2016-11-02T20:16:53,082][WARN ][o.e.b.ElasticsearchUncaughtExceptionHandler] [] uncaught exception in thread [main]
org.elasticsearch.bootstrap.StartupException: java.lang.IllegalStateException: failed to obtain node locks, tried [[/mnt/c/Users/Ingþór/Desktop/Háskólinn í Reykjavík/Haustönn 2016/Vefforritun 2/Assignment10/PUNCHAPI/elasticsearch-5.0.0/data/IngthorElastics]] with lock id [0]; maybe these locations are not writable or multiple nodes were started without increasing [node.max_local_storage_nodes] (was [1])?
	at org.elasticsearch.bootstrap.Elasticsearch.init(Elasticsearch.java:116) ~[elasticsearch-5.0.0.jar:5.0.0]
	at org.elasticsearch.bootstrap.Elasticsearch.execute(Elasticsearch.java:103) ~[elasticsearch-5.0.0.jar:5.0.0]
	at org.elasticsearch.cli.SettingCommand.execute(SettingCommand.java:54) ~[elasticsearch-5.0.0.jar:5.0.0]
	at org.elasticsearch.cli.Command.mainWithoutErrorHandling(Command.java:96) ~[elasticsearch-5.0.0.jar:5.0.0]
	at org.elasticsearch.cli.Command.main(Command.java:62) ~[elasticsearch-5.0.0.jar:5.0.0]
	at org.elasticsearch.bootstrap.Elasticsearch.main(Elasticsearch.java:80) ~[elasticsearch-5.0.0.jar:5.0.0]
	at org.elasticsearch.bootstrap.Elasticsearch.main(Elasticsearch.java:73) ~[elasticsearch-5.0.0.jar:5.0.0]
Caused by: java.lang.IllegalStateException: failed to obtain node locks, tried [[/mnt/c/Users/Ingþór/Desktop/Háskólinn í Reykjavík/Haustönn 2016/Vefforritun 2/Assignment10/PUNCHAPI/elasticsearch-5.0.0/data/IngthorElastics]] with lock id [0]; maybe these locations are not writable or multiple nodes were started without increasing [node.max_local_storage_nodes] (was [1])?
	at org.elasticsearch.env.NodeEnvironment.<init>(NodeEnvironment.java:259) ~[elasticsearch-5.0.0.jar:5.0.0]
	at org.elasticsearch.node.Node.<init>(Node.java:240) ~[elasticsearch-5.0.0.jar:5.0.0]
	at org.elasticsearch.node.Node.<init>(Node.java:220) ~[elasticsearch-5.0.0.jar:5.0.0]
	at org.elasticsearch.bootstrap.Bootstrap$5.<init>(Bootstrap.java:191) ~[elasticsearch-5.0.0.jar:5.0.0]
	at org.elasticsearch.bootstrap.Bootstrap.setup(Bootstrap.java:191) ~[elasticsearch-5.0.0.jar:5.0.0]
	at org.elasticsearch.bootstrap.Bootstrap.init(Bootstrap.java:286) ~[elasticsearch-5.0.0.jar:5.0.0]
	at org.elasticsearch.bootstrap.Elasticsearch.init(Elasticsearch.java:112) ~[elasticsearch-5.0.0.jar:5.0.0]
	... 6 more
Caused by: java.io.IOException: failed to obtain lock on /mnt/c/Users/Ingþór/Desktop/Háskólinn í Reykjavík/Haustönn 2016/Vefforritun 2/Assignment10/PUNCHAPI/elasticsearch-5.0.0/data/nodes/0
	at org.elasticsearch.env.NodeEnvironment.<init>(NodeEnvironment.java:238) ~[elasticsearch-5.0.0.jar:5.0.0]
	at org.elasticsearch.node.Node.<init>(Node.java:240) ~[elasticsearch-5.0.0.jar:5.0.0]
	at org.elasticsearch.node.Node.<init>(Node.java:220) ~[elasticsearch-5.0.0.jar:5.0.0]
	at org.elasticsearch.bootstrap.Bootstrap$5.<init>(Bootstrap.java:191) ~[elasticsearch-5.0.0.jar:5.0.0]
	at org.elasticsearch.bootstrap.Bootstrap.setup(Bootstrap.java:191) ~[elasticsearch-5.0.0.jar:5.0.0]
	at org.elasticsearch.bootstrap.Bootstrap.init(Bootstrap.java:286) ~[elasticsearch-5.0.0.jar:5.0.0]
	at org.elasticsearch.bootstrap.Elasticsearch.init(Elasticsearch.java:112) ~[elasticsearch-5.0.0.jar:5.0.0]
	... 6 more
Caused by: java.io.IOException: Mount point not found
	at sun.nio.fs.LinuxFileStore.findMountEntry(LinuxFileStore.java:91) ~[?:?]
	at sun.nio.fs.UnixFileStore.<init>(UnixFileStore.java:65) ~[?:?]
	at sun.nio.fs.LinuxFileStore.<init>(LinuxFileStore.java:44) ~[?:?]
	at sun.nio.fs.LinuxFileSystemProvider.getFileStore(LinuxFileSystemProvider.java:51) ~[?:?]
	at sun.nio.fs.LinuxFileSystemProvider.getFileStore(LinuxFileSystemProvider.java:39) ~[?:?]
	at sun.nio.fs.UnixFileSystemProvider.getFileStore(UnixFileSystemProvider.java:368) ~[?:?]
	at java.nio.file.Files.getFileStore(Files.java:1461) ~[?:1.8.0_111]
	at org.elasticsearch.env.ESFileStore.getMatchingFileStore(ESFileStore.java:107) ~[elasticsearch-5.0.0.jar:5.0.0]
	at org.elasticsearch.env.Environment.getFileStore(Environment.java:340) ~[elasticsearch-5.0.0.jar:5.0.0]
	at org.elasticsearch.env.NodeEnvironment$NodePath.<init>(NodeEnvironment.java:107) ~[elasticsearch-5.0.0.jar:5.0.0]
	at org.elasticsearch.env.NodeEnvironment.<init>(NodeEnvironment.java:226) ~[elasticsearch-5.0.0.jar:5.0.0]
	at org.elasticsearch.node.Node.<init>(Node.java:240) ~[elasticsearch-5.0.0.jar:5.0.0]
	at org.elasticsearch.node.Node.<init>(Node.java:220) ~[elasticsearch-5.0.0.jar:5.0.0]
	at org.elasticsearch.bootstrap.Bootstrap$5.<init>(Bootstrap.java:191) ~[elasticsearch-5.0.0.jar:5.0.0]
	at org.elasticsearch.bootstrap.Bootstrap.setup(Bootstrap.java:191) ~[elasticsearch-5.0.0.jar:5.0.0]
	at org.elasticsearch.bootstrap.Bootstrap.init(Bootstrap.java:286) ~[elasticsearch-5.0.0.jar:5.0.0]
	at org.elasticsearch.bootstrap.Elasticsearch.init(Elasticsearch.java:112) ~[elasticsearch-5.0.0.jar:5.0.0]
	... 6 more
